<!DOCTYPE html PUBLIC 
<head>
<title>TestNG Report</title>
<style type=text/css>
table {margin-bottom:10px;border-collapse:collapse;empty-cells:show}
td,th {border:1px solid #009;padding:.25em .5em}
.result th {vertical-align:bottom}
.param th {padding-left:1em;padding-right:1em}
.param td {padding-left:.5em;padding-right:2em}
.stripe td,.stripe th {background-color: #E6EBF9}
.numi,.numi_attn {text-align:right}
.total td {font-weight:bold}
.passedodd td {background-color: #26C935}
.passedeven td {background-color: #26C935}
.skippedodd td {background-color: #8F938F}
.skippedeven td {background-color: #8F938F}
.failedodd td,.numi_attn {background-color: #F33}
.failedeven td,.stripe .numi_attn {background-color: #D00}
.stacktrace {white-space:pre;font-family:monospace}
.totop {font-size:85%;text-align:center;border-bottom:2px solid #000}
</style>
</head>
<body>
<center><h2>my app test suite Execution Report - on  - 2016/09/06 14:29:35</h2></center><table cellspacing=0 cellpadding=0 class=testOverview>
<tr><th bgcolor="#FFE4C4">Test Area/Feature Name</th><th bgcolor="#FFE4C4"># Passed</th><th bgcolor="#FFE4C4"># Skipped</th><th bgcolor="#FFE4C4"># Failed</th><th bgcolor="#FFE4C4"># Total</th><th bgcolor="#FFE4C4">Start<br/>Time<br/>(hh:mm:ss)</th><th bgcolor="#FFE4C4">End<br/>Time<br/>(hh:mm:ss)</th><th bgcolor="#FFE4C4">Total<br/>Time<br/>(hh:mm:ss)</th><th bgcolor="#FFE4C4">Included<br/>Groups</th><th bgcolor="#FFE4C4">Excluded<br/>Groups</th></tr>
<tr><td style=text-align:left;padding-right:2em><a href=#t1><b>Add User TestCases</b></a></td><td bgcolor="#26c935", class=numi>3</td><td bgcolor="#8F938F", class=numi>1</td><td bgcolor="", class=numi>0</td><td bgcolor="", class=numi>4</td><td bgcolor="", class=numi>02:27:19</td></td>
<td bgcolor="", class=numi>02:29:35</td></td>
<td bgcolor="", class=numi>00:02:16</td><td bgcolor="", class=numi>Functional Acceptance Regression </td><td bgcolor="", class=numi></td></tr>
</table>
<table cellspacing=0 cellpadding=0 class=methodOverview id=summary>
<tr><th bgcolor="#FFE4C4">Test Class</th><th bgcolor="#FFE4C4">Test Cases/Method Name</th><th bgcolor="#FFE4C4">Exception Information</th><th bgcolor="#FFE4C4">Start Time<br/>(hh:mm:ss)</th><th bgcolor="#FFE4C4">Execution Time<br/>(hh:mm:ss)</th></tr>
<tr id=t1><th colspan=5>Add User TestCases &#8212; failed (configuration methods)</th></tr>
<tr class=failedodd><td>com.myapp.Tests.AddUser</td><td><a href=#m1><b>setup</b>  </a></td><td class=numi style=text-align:left;padding-right:2em>org.openqa.selenium.WebDriverException: Failed to connect to binary FirefoxBinary(C:\Program Files (x86)\Mozilla Firefox\firefox.exe) on port 7055; process output follows: <br/></td><td style=text-align:right>02:28:39</td><td class=numi>00:00:00</td></tr>
<tr><th colspan=5>Add User TestCases &#8212; skipped</th></tr>
<tr class=skippedodd><td>com.myapp.Tests.AddUser</td><td><a href=#m2><b>addUserFromExcel</b> (Functional) </a></td><td class=numi style=text-align:left;padding-right:2em><br/></td><td style=text-align:right>02:29:25</td><td class=numi>00:00:09</td></tr>
<tr><th colspan=5>Add User TestCases &#8212; passed</th></tr>
<tr class=passedodd><td rowspan=3>com.myapp.Tests.AddUser</td><td><a href=#m3><b>addUserFromExcel</b> (Functional) </a></td><td class=numi style=text-align:left;padding-right:2em><br/></td><td style=text-align:right>02:28:18</td><td class=numi>00:00:21</td></tr><tr class=passedodd><td><a href=#m4><b>checkEmail</b> (Regression) </a></td><td class=numi style=text-align:left;padding-right:2em><br/></td><td style=text-align:right>02:27:46</td><td class=numi>00:00:07</td></tr><tr class=passedodd><td><a href=#m5><b>testAddUser</b> (Acceptance) </a></td><td class=numi style=text-align:left;padding-right:2em><br/></td><td style=text-align:right>02:27:30</td><td class=numi>00:00:07</td></tr>
</table>
<h1><b>Add User TestCases</b></h1>
<h2 bgcolor="#FF0000", id=m1>com.myapp.Tests.AddUser:setup</h2>
<div>
<div class=stacktrace>org.openqa.selenium.WebDriverException: Failed to connect to binary FirefoxBinary(C:\Program Files (x86)\Mozilla Firefox\firefox.exe) on port 7055; process output follows: 
hasBinaryComponents&quot;:false,&quot;strictCompatibility&quot;:false,&quot;locales&quot;:[],&quot;targetApplications&quot;:[{&quot;id&quot;:&quot;{ec8030f7-c20a-464f-9b0e-13a3a9e97384}&quot;,&quot;minVersion&quot;:&quot;45.0a1&quot;,&quot;maxVersion&quot;:&quot;45.0&quot;},{&quot;id&quot;:&quot;xpcshell@tests.mozilla.org&quot;,&quot;minVersion&quot;:&quot;0&quot;,&quot;maxVersion&quot;:&quot;10&quot;}],&quot;targetPlatforms&quot;:[],&quot;multiprocessCompatible&quot;:false,&quot;seen&quot;:true}
1473152320667	addons.xpi	DEBUG	getModTime: Recursive scan of loop@mozilla.org
1473152320668	addons.xpi	DEBUG	Updating XPIState for {&quot;id&quot;:&quot;{972ce4c6-7e08-4474-a285-3208198ce6fd}&quot;,&quot;syncGUID&quot;:&quot;3I2FPfm7I3Zl&quot;,&quot;location&quot;:&quot;app-global&quot;,&quot;version&quot;:&quot;45.0&quot;,&quot;type&quot;:&quot;theme&quot;,&quot;internalName&quot;:&quot;classic/1.0&quot;,&quot;updateURL&quot;:null,&quot;updateKey&quot;:null,&quot;optionsURL&quot;:null,&quot;optionsType&quot;:null,&quot;aboutURL&quot;:null,&quot;icons&quot;:{&quot;32&quot;:&quot;icon.png&quot;,&quot;48&quot;:&quot;icon.png&quot;},&quot;iconURL&quot;:null,&quot;icon64URL&quot;:null,&quot;defaultLocale&quot;:{&quot;name&quot;:&quot;Default&quot;,&quot;description&quot;:&quot;The default theme.&quot;,&quot;creator&quot;:&quot;Mozilla&quot;,&quot;homepageURL&quot;:null,&quot;contributors&quot;:[&quot;Mozilla Contributors&quot;]},&quot;visible&quot;:true,&quot;active&quot;:true,&quot;userDisabled&quot;:false,&quot;appDisabled&quot;:false,&quot;descriptor&quot;:&quot;C:\\Program Files (x86)\\Mozilla Firefox\\browser\\extensions\\{972ce4c6-7e08-4474-a285-3208198ce6fd}.xpi&quot;,&quot;installDate&quot;:1457051706000,&quot;updateDate&quot;:1457051706000,&quot;applyBackgroundUpdates&quot;:1,&quot;skinnable&quot;:true,&quot;size&quot;:22006,&quot;sourceURI&quot;:null,&quot;releaseNotesURI&quot;:null,&quot;softDisabled&quot;:false,&quot;foreignInstall&quot;:false,&quot;hasBinaryComponents&quot;:false,&quot;strictCompatibility&quot;:true,&quot;locales&quot;:[],&quot;targetApplications&quot;:[{&quot;id&quot;:&quot;{ec8030f7-c20a-464f-9b0e-13a3a9e97384}&quot;,&quot;minVersion&quot;:&quot;45.0&quot;,&quot;maxVersion&quot;:&quot;45.0&quot;}],&quot;targetPlatforms&quot;:[],&quot;seen&quot;:true}
1473152320673	addons.xpi	DEBUG	getModTime: Recursive scan of {972ce4c6-7e08-4474-a285-3208198ce6fd}
1473152320675	DeferredSave.extensions.json	DEBUG	Save changes
1473152320676	addons.xpi	DEBUG	Updating database with changes to installed add-ons
1473152320676	addons.xpi-utils	DEBUG	Updating add-on states
1473152320678	addons.xpi-utils	DEBUG	Writing add-ons list
1473152320686	addons.xpi	DEBUG	Registering manifest for C:\Program Files (x86)\Mozilla Firefox\browser\features\loop@mozilla.org.xpi
1473152320688	addons.xpi	DEBUG	Calling bootstrap method startup on loop@mozilla.org version 0.1
1473152320705	addons.manager	DEBUG	Starting provider: &lt;unnamed-provider&gt;
1473152320705	addons.manager	DEBUG	Registering shutdown blocker for &lt;unnamed-provider&gt;
1473152320705	addons.manager	DEBUG	Provider finished startup: &lt;unnamed-provider&gt;
1473152320722	addons.manager	DEBUG	Registering shutdown blocker for XPIProvider
1473152320723	addons.manager	DEBUG	Provider finished startup: XPIProvider
1473152320723	addons.manager	DEBUG	Starting provider: LightweightThemeManager
1473152320723	addons.manager	DEBUG	Registering shutdown blocker for LightweightThemeManager
1473152320723	addons.manager	DEBUG	Provider finished startup: LightweightThemeManager
1473152320724	addons.manager	DEBUG	Starting provider: GMPProvider
1473152320734	addons.manager	DEBUG	Registering shutdown blocker for GMPProvider
1473152320734	addons.manager	DEBUG	Provider finished startup: GMPProvider
1473152320735	addons.manager	DEBUG	Starting provider: PluginProvider
1473152320735	addons.manager	DEBUG	Registering shutdown blocker for PluginProvider
1473152320735	addons.manager	DEBUG	Provider finished startup: PluginProvider
1473152320735	addons.manager	DEBUG	Completed startup sequence
1473152321408	DeferredSave.extensions.json	DEBUG	Starting write
1473152322238	addons.repository	DEBUG	No addons.json found.
1473152322238	DeferredSave.addons.json	DEBUG	Save changes
1473152322242	DeferredSave.addons.json	DEBUG	Starting timer
1473152322328	addons.manager	DEBUG	Starting provider: PreviousExperimentProvider
1473152322328	addons.manager	DEBUG	Registering shutdown blocker for PreviousExperimentProvider
1473152322329	addons.manager	DEBUG	Provider finished startup: PreviousExperimentProvider
1473152322332	DeferredSave.extensions.json	DEBUG	Write succeeded
1473152322333	addons.xpi-utils	DEBUG	XPI Database saved, setting schema version preference to 17
1473152322334	DeferredSave.addons.json	DEBUG	Starting write
1473152322349	DeferredSave.addons.json	DEBUG	Write succeeded

Build info: version: &apos;2.53.1&apos;, revision: &apos;a36b8b1&apos;, time: &apos;2016-06-30 17:37:03&apos;
System info: host: &apos;360LP009-PC&apos;, ip: &apos;10.103.1.75&apos;, os.name: &apos;Windows 7&apos;, os.arch: &apos;amd64&apos;, os.version: &apos;6.1&apos;, java.version: &apos;1.8.0_65&apos;
Driver info: driver.version: FirefoxDriver
	at org.openqa.selenium.firefox.internal.NewProfileExtensionConnection.start(NewProfileExtensionConnection.java:124)
	at org.openqa.selenium.firefox.FirefoxDriver.startClient(FirefoxDriver.java:271)
	at org.openqa.selenium.remote.RemoteWebDriver.&lt;init&gt;(RemoteWebDriver.java:119)
	at org.openqa.selenium.firefox.FirefoxDriver.&lt;init&gt;(FirefoxDriver.java:218)
	at org.openqa.selenium.firefox.FirefoxDriver.&lt;init&gt;(FirefoxDriver.java:211)
	at org.openqa.selenium.firefox.FirefoxDriver.&lt;init&gt;(FirefoxDriver.java:129)
	at com.library.Utils.DriverTestCase.setup(DriverTestCase.java:72)
	at com.myapp.Tests.AddUser.setup(AddUser.java:25)
	at sun.reflect.NativeMethodAccessorImpl.invoke0(Native Method)
	at sun.reflect.NativeMethodAccessorImpl.invoke(NativeMethodAccessorImpl.java:62)
	at sun.reflect.DelegatingMethodAccessorImpl.invoke(DelegatingMethodAccessorImpl.java:43)
	at java.lang.reflect.Method.invoke(Method.java:497)
	at org.testng.internal.MethodInvocationHelper.invokeMethod(MethodInvocationHelper.java:85)
	at org.testng.internal.Invoker.invokeConfigurationMethod(Invoker.java:510)
	at org.testng.internal.Invoker.invokeConfigurations(Invoker.java:211)
	at org.testng.internal.Invoker.invokeMethod(Invoker.java:585)
	at org.testng.internal.Invoker.invokeTestMethod(Invoker.java:816)
	at org.testng.internal.Invoker.invokeTestMethods(Invoker.java:1124)
	at org.testng.internal.TestMethodWorker.invokeTestMethods(TestMethodWorker.java:125)
	at org.testng.internal.TestMethodWorker.run(TestMethodWorker.java:108)
	at org.testng.TestRunner.privateRun(TestRunner.java:774)
	at org.testng.TestRunner.run(TestRunner.java:624)
	at org.testng.SuiteRunner.runTest(SuiteRunner.java:359)
	at org.testng.SuiteRunner.runSequentially(SuiteRunner.java:354)
	at org.testng.SuiteRunner.privateRun(SuiteRunner.java:312)
	at org.testng.SuiteRunner.run(SuiteRunner.java:261)
	at org.testng.SuiteRunnerWorker.runSuite(SuiteRunnerWorker.java:52)
	at org.testng.SuiteRunnerWorker.run(SuiteRunnerWorker.java:86)
	at org.testng.TestNG.runSuitesSequentially(TestNG.java:1215)
	at org.testng.TestNG.runSuitesLocally(TestNG.java:1140)
	at org.testng.TestNG.run(TestNG.java:1048)
	at org.testng.TestNG.privateMain(TestNG.java:1355)
	at org.testng.TestNG.main(TestNG.java:1324)
Caused by: org.openqa.selenium.firefox.NotConnectedException: Unable to connect to host 127.0.0.1 on port 7055 after 45000 ms. Firefox console output:
hasBinaryComponents&quot;:false,&quot;strictCompatibility&quot;:false,&quot;locales&quot;:[],&quot;targetApplications&quot;:[{&quot;id&quot;:&quot;{ec8030f7-c20a-464f-9b0e-13a3a9e97384}&quot;,&quot;minVersion&quot;:&quot;45.0a1&quot;,&quot;maxVersion&quot;:&quot;45.0&quot;},{&quot;id&quot;:&quot;xpcshell@tests.mozilla.org&quot;,&quot;minVersion&quot;:&quot;0&quot;,&quot;maxVersion&quot;:&quot;10&quot;}],&quot;targetPlatforms&quot;:[],&quot;multiprocessCompatible&quot;:false,&quot;seen&quot;:true}
1473152320667	addons.xpi	DEBUG	getModTime: Recursive scan of loop@mozilla.org
1473152320668	addons.xpi	DEBUG	Updating XPIState for {&quot;id&quot;:&quot;{972ce4c6-7e08-4474-a285-3208198ce6fd}&quot;,&quot;syncGUID&quot;:&quot;3I2FPfm7I3Zl&quot;,&quot;location&quot;:&quot;app-global&quot;,&quot;version&quot;:&quot;45.0&quot;,&quot;type&quot;:&quot;theme&quot;,&quot;internalName&quot;:&quot;classic/1.0&quot;,&quot;updateURL&quot;:null,&quot;updateKey&quot;:null,&quot;optionsURL&quot;:null,&quot;optionsType&quot;:null,&quot;aboutURL&quot;:null,&quot;icons&quot;:{&quot;32&quot;:&quot;icon.png&quot;,&quot;48&quot;:&quot;icon.png&quot;},&quot;iconURL&quot;:null,&quot;icon64URL&quot;:null,&quot;defaultLocale&quot;:{&quot;name&quot;:&quot;Default&quot;,&quot;description&quot;:&quot;The default theme.&quot;,&quot;creator&quot;:&quot;Mozilla&quot;,&quot;homepageURL&quot;:null,&quot;contributors&quot;:[&quot;Mozilla Contributors&quot;]},&quot;visible&quot;:true,&quot;active&quot;:true,&quot;userDisabled&quot;:false,&quot;appDisabled&quot;:false,&quot;descriptor&quot;:&quot;C:\\Program Files (x86)\\Mozilla Firefox\\browser\\extensions\\{972ce4c6-7e08-4474-a285-3208198ce6fd}.xpi&quot;,&quot;installDate&quot;:1457051706000,&quot;updateDate&quot;:1457051706000,&quot;applyBackgroundUpdates&quot;:1,&quot;skinnable&quot;:true,&quot;size&quot;:22006,&quot;sourceURI&quot;:null,&quot;releaseNotesURI&quot;:null,&quot;softDisabled&quot;:false,&quot;foreignInstall&quot;:false,&quot;hasBinaryComponents&quot;:false,&quot;strictCompatibility&quot;:true,&quot;locales&quot;:[],&quot;targetApplications&quot;:[{&quot;id&quot;:&quot;{ec8030f7-c20a-464f-9b0e-13a3a9e97384}&quot;,&quot;minVersion&quot;:&quot;45.0&quot;,&quot;maxVersion&quot;:&quot;45.0&quot;}],&quot;targetPlatforms&quot;:[],&quot;seen&quot;:true}
1473152320673	addons.xpi	DEBUG	getModTime: Recursive scan of {972ce4c6-7e08-4474-a285-3208198ce6fd}
1473152320675	DeferredSave.extensions.json	DEBUG	Save changes
1473152320676	addons.xpi	DEBUG	Updating database with changes to installed add-ons
1473152320676	addons.xpi-utils	DEBUG	Updating add-on states
1473152320678	addons.xpi-utils	DEBUG	Writing add-ons list
1473152320686	addons.xpi	DEBUG	Registering manifest for C:\Program Files (x86)\Mozilla Firefox\browser\features\loop@mozilla.org.xpi
1473152320688	addons.xpi	DEBUG	Calling bootstrap method startup on loop@mozilla.org version 0.1
1473152320705	addons.manager	DEBUG	Starting provider: &lt;unnamed-provider&gt;
1473152320705	addons.manager	DEBUG	Registering shutdown blocker for &lt;unnamed-provider&gt;
1473152320705	addons.manager	DEBUG	Provider finished startup: &lt;unnamed-provider&gt;
1473152320722	addons.manager	DEBUG	Registering shutdown blocker for XPIProvider
1473152320723	addons.manager	DEBUG	Provider finished startup: XPIProvider
1473152320723	addons.manager	DEBUG	Starting provider: LightweightThemeManager
1473152320723	addons.manager	DEBUG	Registering shutdown blocker for LightweightThemeManager
1473152320723	addons.manager	DEBUG	Provider finished startup: LightweightThemeManager
1473152320724	addons.manager	DEBUG	Starting provider: GMPProvider
1473152320734	addons.manager	DEBUG	Registering shutdown blocker for GMPProvider
1473152320734	addons.manager	DEBUG	Provider finished startup: GMPProvider
1473152320735	addons.manager	DEBUG	Starting provider: PluginProvider
1473152320735	addons.manager	DEBUG	Registering shutdown blocker for PluginProvider
1473152320735	addons.manager	DEBUG	Provider finished startup: PluginProvider
1473152320735	addons.manager	DEBUG	Completed startup sequence
1473152321408	DeferredSave.extensions.json	DEBUG	Starting write
1473152322238	addons.repository	DEBUG	No addons.json found.
1473152322238	DeferredSave.addons.json	DEBUG	Save changes
1473152322242	DeferredSave.addons.json	DEBUG	Starting timer
1473152322328	addons.manager	DEBUG	Starting provider: PreviousExperimentProvider
1473152322328	addons.manager	DEBUG	Registering shutdown blocker for PreviousExperimentProvider
1473152322329	addons.manager	DEBUG	Provider finished startup: PreviousExperimentProvider
1473152322332	DeferredSave.extensions.json	DEBUG	Write succeeded
1473152322333	addons.xpi-utils	DEBUG	XPI Database saved, setting schema version preference to 17
1473152322334	DeferredSave.addons.json	DEBUG	Starting write
1473152322349	DeferredSave.addons.json	DEBUG	Write succeeded

	at org.openqa.selenium.firefox.internal.NewProfileExtensionConnection.start(NewProfileExtensionConnection.java:112)
	... 32 more
</div>
</div>
<p class=totop><a href=#summary>back to summary</a></p>
<h2 bgcolor="#8F938F", id=m2>com.myapp.Tests.AddUser:addUserFromExcel</h2>
<table cellspacing=0 cellpadding=0 class=result>
<tr class=param><th>Param.1</th><th>Param.2</th></tr>
<tr class=param stripe><td>Archana</td>
<td>excel4@gmail.com</td>
</tr>
</table>
<p class=totop><a href=#summary>back to summary</a></p>
<h2 bgcolor="#8F938F", id=m3>com.myapp.Tests.AddUser:addUserFromExcel</h2>
<table cellspacing=0 cellpadding=0 class=result>
<tr class=param><th>Param.1</th><th>Param.2</th></tr>
<tr class=param stripe><td>Rishabh</td>
<td>excel5@gmail.com</td>
</tr>
</table>
<p class=totop><a href=#summary>back to summary</a></p>
<h2 bgcolor="#33FF46", id=m4>com.myapp.Tests.AddUser:addUserFromExcel</h2>
<table cellspacing=0 cellpadding=0 class=result>
<tr class=param><th>Param.1</th><th>Param.2</th></tr>
<tr class=param stripe><td>Vivek</td>
<td>excel2@gmail.com</td>
</tr>
</table>
<p class=totop><a href=#summary>back to summary</a></p>
<h2 bgcolor="#33FF46", id=m5>com.myapp.Tests.AddUser:addUserFromExcel</h2>
<table cellspacing=0 cellpadding=0 class=result>
<tr class=param><th>Param.1</th><th>Param.2</th></tr>
<tr class=param stripe><td>Vipin</td>
<td>excel1@gmail.com</td>
</tr>
</table>
<p class=totop><a href=#summary>back to summary</a></p>
<h2 bgcolor="#33FF46", id=m6>com.myapp.Tests.AddUser:addUserFromExcel</h2>
<table cellspacing=0 cellpadding=0 class=result>
<tr class=param><th>Param.1</th><th>Param.2</th></tr>
<tr class=param stripe><td>Gaurav</td>
<td>excel3@gmail.com</td>
</tr>
</table>
<p class=totop><a href=#summary>back to summary</a></p>
<h2 bgcolor="#33FF46", id=m7>com.myapp.Tests.AddUser:checkEmail</h2>
<p class=totop><a href=#summary>back to summary</a></p>
<h2 bgcolor="#33FF46", id=m8>com.myapp.Tests.AddUser:testAddUser</h2>
<div>
<a href= 'file://D:/demo_workspace/demoautomationframework/screenshots/pass2016-09-0650314.jpg'target='_blank' >pass2016-09-0650314</a><br/>
<html><body><b>||Name is entered! || <br></br> </b></html></body><br/>
<a href= 'file://D:/demo_workspace/demoautomationframework/screenshots/pass2016-09-0657795.jpg'target='_blank' >pass2016-09-0657795</a><br/>
<html><body><b>||Email is entered! || <br></br> </b></html></body><br/>
<a href= 'file://D:/demo_workspace/demoautomationframework/screenshots/pass2016-09-0671337.jpg'target='_blank' >pass2016-09-0671337</a><br/>
<html><body><b>||Button is clicked! || <br></br> </b></html></body><br/>
<a href= 'file://D:/demo_workspace/demoautomationframework/screenshots/pass2016-09-0620143.jpg'target='_blank' >pass2016-09-0620143</a><br/>
<html><body><b>||User is created successfully || <br></br> </b></html></body><br/>
</div>
<p class=totop><a href=#summary>back to summary</a></p>
<center> TestNG Report </center>
</body></html>
